[01:53:08] [main/INFO]: Loading Minecraft 1.20.1 with Fabric Loader 0.16.3
[01:53:08] [main/INFO]: Loading 4 mods:
	- fabricloader 0.16.3
	   \-- mixinextras 0.4.1
	- java 17
	- minecraft 1.20.1
[01:53:08] [main/INFO]: SpongePowered MIXIN Subsystem Version=0.8.7 Source=file:/workspaces/sdgfgsfgsf/servidor_minecraft/libraries/net/fabricmc/sponge-mixin/0.15.2+mixin.0.8.7/sponge-mixin-0.15.2+mixin.0.8.7.jar Service=Knot/Fabric Env=SERVER
[01:53:16] [main/INFO]: Environment: authHost='https://authserver.mojang.com', accountsHost='https://api.mojang.com', sessionHost='https://sessionserver.mojang.com', servicesHost='https://api.minecraftservices.com', name='PROD'
[01:53:19] [main/INFO]: Loaded 7 recipes
[01:53:19] [main/INFO]: Loaded 1271 advancements
[01:53:20] [Server thread/INFO]: Starting minecraft server version 1.20.1
[01:53:20] [Server thread/INFO]: Loading properties
[01:53:20] [Server thread/INFO]: Default game type: SURVIVAL
[01:53:20] [Server thread/INFO]: Generating keypair
[01:53:20] [Server thread/INFO]: Starting Minecraft server on *:25565
[01:53:20] [Server thread/INFO]: Using epoll channel type
[01:53:20] [Server thread/WARN]: **** SERVER IS RUNNING IN OFFLINE/INSECURE MODE!
[01:53:20] [Server thread/WARN]: The server will make no attempt to authenticate usernames. Beware.
[01:53:20] [Server thread/WARN]: While this makes the game possible to play without internet access, it also opens up the ability for hackers to connect with any username they choose.
[01:53:20] [Server thread/WARN]: To change this, set "online-mode" to "true" in the server.properties file.
[01:53:20] [Server thread/INFO]: Preparing level "world"
[01:53:33] [Server thread/INFO]: Preparing start region for dimension minecraft:overworld
[01:53:34] [Worker-Main-1/INFO]: Preparing spawn area: 0%
[01:53:34] [Worker-Main-1/INFO]: Preparing spawn area: 0%
[01:53:34] [Worker-Main-1/INFO]: Preparing spawn area: 0%
[01:53:34] [Worker-Main-1/INFO]: Preparing spawn area: 0%
[01:53:35] [Worker-Main-1/INFO]: Preparing spawn area: 0%
[01:53:35] [Worker-Main-1/INFO]: Preparing spawn area: 0%
[01:53:36] [Worker-Main-1/INFO]: Preparing spawn area: 0%
[01:53:36] [Worker-Main-1/INFO]: Preparing spawn area: 0%
[01:53:37] [Worker-Main-1/INFO]: Preparing spawn area: 0%
[01:53:37] [Worker-Main-1/INFO]: Preparing spawn area: 0%
[01:53:38] [Worker-Main-1/INFO]: Preparing spawn area: 0%
[01:53:38] [Worker-Main-1/INFO]: Preparing spawn area: 0%
[01:53:39] [Worker-Main-1/INFO]: Preparing spawn area: 0%
[01:53:39] [Worker-Main-1/INFO]: Preparing spawn area: 0%
[01:53:40] [Worker-Main-1/INFO]: Preparing spawn area: 0%
[01:53:40] [Worker-Main-1/INFO]: Preparing spawn area: 0%
[01:53:41] [Worker-Main-1/INFO]: Preparing spawn area: 0%
[01:53:41] [Worker-Main-1/INFO]: Preparing spawn area: 0%
[01:53:42] [Worker-Main-1/INFO]: Preparing spawn area: 0%
[01:53:42] [Worker-Main-1/INFO]: Preparing spawn area: 0%
[01:53:43] [Worker-Main-1/INFO]: Preparing spawn area: 0%
[01:53:43] [Worker-Main-1/INFO]: Preparing spawn area: 0%
[01:53:44] [Worker-Main-1/INFO]: Preparing spawn area: 0%
[01:53:44] [Worker-Main-1/INFO]: Preparing spawn area: 0%
[01:53:45] [Worker-Main-1/INFO]: Preparing spawn area: 0%
[01:53:45] [Worker-Main-1/INFO]: Preparing spawn area: 0%
[01:53:46] [Worker-Main-1/INFO]: Preparing spawn area: 0%
[01:53:46] [Worker-Main-1/INFO]: Preparing spawn area: 0%
[01:53:47] [Worker-Main-1/INFO]: Preparing spawn area: 0%
[01:53:47] [Worker-Main-1/INFO]: Preparing spawn area: 0%
[01:53:48] [Worker-Main-1/INFO]: Preparing spawn area: 0%
[01:53:48] [Worker-Main-1/INFO]: Preparing spawn area: 0%
[01:53:49] [Worker-Main-1/INFO]: Preparing spawn area: 0%
[01:53:49] [Worker-Main-1/INFO]: Preparing spawn area: 0%
[01:53:50] [Worker-Main-1/INFO]: Preparing spawn area: 0%
[01:53:50] [Worker-Main-1/INFO]: Preparing spawn area: 0%
[01:53:51] [Worker-Main-1/INFO]: Preparing spawn area: 0%
[01:53:51] [Worker-Main-1/INFO]: Preparing spawn area: 0%
[01:53:52] [Worker-Main-1/INFO]: Preparing spawn area: 0%
[01:53:52] [Worker-Main-1/INFO]: Preparing spawn area: 0%
[01:53:53] [Worker-Main-1/INFO]: Preparing spawn area: 0%
[01:53:53] [Worker-Main-1/INFO]: Preparing spawn area: 0%
[01:53:54] [Worker-Main-1/INFO]: Preparing spawn area: 0%
[01:53:54] [Worker-Main-1/INFO]: Preparing spawn area: 0%
[01:53:55] [Worker-Main-1/INFO]: Preparing spawn area: 0%
[01:53:55] [Worker-Main-1/INFO]: Preparing spawn area: 0%
[01:53:56] [Worker-Main-1/INFO]: Preparing spawn area: 0%
[01:53:56] [Worker-Main-1/INFO]: Preparing spawn area: 0%
[01:53:57] [Worker-Main-1/INFO]: Preparing spawn area: 0%
[01:53:57] [Worker-Main-1/INFO]: Preparing spawn area: 0%
[01:53:58] [Worker-Main-1/INFO]: Preparing spawn area: 0%
[01:53:58] [Worker-Main-1/INFO]: Preparing spawn area: 0%
[01:53:59] [Worker-Main-1/INFO]: Preparing spawn area: 0%
[01:53:59] [Worker-Main-1/INFO]: Preparing spawn area: 0%
[01:54:00] [Worker-Main-1/INFO]: Preparing spawn area: 0%
[01:54:00] [Worker-Main-1/INFO]: Preparing spawn area: 0%
[01:54:01] [Worker-Main-1/INFO]: Preparing spawn area: 0%
[01:54:01] [Worker-Main-1/INFO]: Preparing spawn area: 0%
[01:54:02] [Worker-Main-1/INFO]: Preparing spawn area: 0%
[01:54:02] [Worker-Main-1/INFO]: Preparing spawn area: 0%
[01:54:03] [Worker-Main-1/INFO]: Preparing spawn area: 0%
[01:54:03] [Worker-Main-1/INFO]: Preparing spawn area: 0%
[01:54:04] [Worker-Main-1/INFO]: Preparing spawn area: 0%
[01:54:04] [Worker-Main-1/INFO]: Preparing spawn area: 0%
[01:54:05] [Worker-Main-1/INFO]: Preparing spawn area: 0%
[01:54:05] [Worker-Main-1/INFO]: Preparing spawn area: 0%
[01:54:06] [Worker-Main-1/INFO]: Preparing spawn area: 0%
[01:54:06] [Worker-Main-1/INFO]: Preparing spawn area: 0%
[01:54:07] [Worker-Main-1/INFO]: Preparing spawn area: 0%
[01:54:07] [Worker-Main-1/INFO]: Preparing spawn area: 0%
[01:54:08] [Worker-Main-1/INFO]: Preparing spawn area: 0%
[01:54:08] [Worker-Main-1/INFO]: Preparing spawn area: 0%
[01:54:09] [Worker-Main-1/INFO]: Preparing spawn area: 0%
[01:54:09] [Worker-Main-1/INFO]: Preparing spawn area: 0%
[01:54:10] [Worker-Main-1/INFO]: Preparing spawn area: 0%
[01:54:10] [Worker-Main-1/INFO]: Preparing spawn area: 0%
[01:54:11] [Worker-Main-1/INFO]: Preparing spawn area: 0%
[01:54:11] [Worker-Main-1/INFO]: Preparing spawn area: 0%
[01:54:12] [Worker-Main-1/INFO]: Preparing spawn area: 0%
[01:54:12] [Worker-Main-1/INFO]: Preparing spawn area: 0%
[01:54:13] [Worker-Main-1/INFO]: Preparing spawn area: 0%
[01:54:13] [Worker-Main-1/INFO]: Preparing spawn area: 0%
[01:54:14] [Worker-Main-1/INFO]: Preparing spawn area: 0%
[01:54:14] [Worker-Main-1/INFO]: Preparing spawn area: 0%
[01:54:15] [Worker-Main-1/INFO]: Preparing spawn area: 0%
[01:54:15] [Worker-Main-1/INFO]: Preparing spawn area: 0%
[01:54:16] [Worker-Main-1/INFO]: Preparing spawn area: 0%
[01:54:16] [Worker-Main-1/INFO]: Preparing spawn area: 0%
[01:54:17] [Worker-Main-1/INFO]: Preparing spawn area: 0%
[01:54:18] [Worker-Main-1/INFO]: Preparing spawn area: 0%
[01:54:18] [Worker-Main-1/INFO]: Preparing spawn area: 0%
[01:54:18] [Worker-Main-1/INFO]: Preparing spawn area: 28%
[01:54:19] [Worker-Main-1/INFO]: Preparing spawn area: 42%
[01:54:19] [Worker-Main-1/INFO]: Preparing spawn area: 92%
[01:54:21] [Server thread/INFO]: Time elapsed: 48870 ms
[01:54:21] [Server thread/INFO]: Done (60.954s)! For help, type "help"
[01:54:40] [Server thread/INFO]: Lauzun[/127.124.198.155:59141] logged in with entity id 334 at (-8.5, 77.0, 0.5)
[01:54:40] [Server thread/INFO]: Lauzun joined the game
[01:54:53] [Server thread/INFO]: Unknown or incomplete command, see below for error
[01:54:53] [Server thread/INFO]: stopop Lauzun<--[HERE]
[01:55:22] [Server thread/INFO]: winewood[/127.157.119.30:44873] logged in with entity id 596 at (10.5, 79.0, -8.5)
[01:55:22] [Server thread/INFO]: winewood joined the game
[01:56:41] [Server thread/INFO]: Lauzun has made the advancement [Stone Age]
[01:57:26] [Server thread/INFO]: winewood has made the advancement [Stone Age]
[01:58:10] [Server thread/INFO]: Lauzun has made the advancement [Getting an Upgrade]
[01:58:26] [Server thread/INFO]: winewood has made the advancement [Getting an Upgrade]
[02:00:12] [Server thread/INFO]: Lauzun has made the advancement [Monster Hunter]
